<?xml version="1.0" encoding="UTF-8"?>
<testng-results ignored="0" total="1" passed="1" failed="0" skipped="0">
  <reporter-output>
  </reporter-output>
  <suite started-at="2024-03-26T13:05:56 IST" name="Default suite" finished-at="2024-03-26T13:05:57 IST" duration-ms="57">
    <groups>
    </groups>
    <test started-at="2024-03-26T13:05:56 IST" name="Default test" finished-at="2024-03-26T13:05:57 IST" duration-ms="57">
      <class name="Test1.Pjt1Test">
        <test-method signature="m1()[pri:0, instance:Test1.Pjt1Test@d9345cd]" started-at="2024-03-26T13:05:56 IST" name="m1" finished-at="2024-03-26T13:05:56 IST" duration-ms="10" status="PASS">
          <reporter-output>
          </reporter-output>
        </test-method> <!-- m1 -->
      </class> <!-- Test1.Pjt1Test -->
    </test> <!-- Default test -->
  </suite> <!-- Default suite -->
</testng-results>
